2020-06-19 14:07:17 [main] INFO  d.g.o.OnlineBoutiqueApplication - Starting OnlineBoutiqueApplication on DESKTOP-6CDATJQ with PID 16336 (C:\dev\Studium\GCA\abschluss\api\catalog\target\classes started by Gerrit in C:\dev\Studium\GCA\abschluss\api\catalog)
2020-06-19 14:07:17 [main] INFO  d.g.o.OnlineBoutiqueApplication - No active profile set, falling back to default profiles: default
2020-06-19 14:07:18 [main] INFO  o.s.b.w.e.tomcat.TomcatWebServer - Tomcat initialized with port(s): 8080 (http)
2020-06-19 14:07:18 [main] INFO  o.a.catalina.core.StandardService - Starting service [Tomcat]
2020-06-19 14:07:18 [main] INFO  o.a.catalina.core.StandardEngine - Starting Servlet engine: [Apache Tomcat/9.0.35]
2020-06-19 14:07:19 [main] INFO  o.a.c.c.C.[Tomcat].[localhost].[/] - Initializing Spring embedded WebApplicationContext
2020-06-19 14:07:19 [main] INFO  o.s.web.context.ContextLoader - Root WebApplicationContext: initialization completed in 1609 ms
2020-06-19 14:07:19 [main] INFO  o.s.s.web.DefaultSecurityFilterChain - Creating filter chain: any request, [org.springframework.security.web.context.request.async.WebAsyncManagerIntegrationFilter@1f346ad2, org.springframework.security.web.context.SecurityContextPersistenceFilter@2f897dab, org.springframework.security.web.header.HeaderWriterFilter@518bfd90, org.springframework.security.web.authentication.logout.LogoutFilter@c755b2, org.springframework.security.web.authentication.www.BasicAuthenticationFilter@4dba773d, org.springframework.security.web.savedrequest.RequestCacheAwareFilter@242b6e1a, org.springframework.security.web.servletapi.SecurityContextHolderAwareRequestFilter@77a074b4, org.springframework.security.web.authentication.AnonymousAuthenticationFilter@46a145ba, org.springframework.security.web.session.SessionManagementFilter@1687eb01, org.springframework.security.web.access.ExceptionTranslationFilter@437486cd, org.springframework.security.web.access.intercept.FilterSecurityInterceptor@268cbb86]
2020-06-19 14:07:19 [main] INFO  o.s.s.c.ThreadPoolTaskExecutor - Initializing ExecutorService 'applicationTaskExecutor'
2020-06-19 14:07:19 [main] INFO  o.s.b.w.e.tomcat.TomcatWebServer - Tomcat started on port(s): 8080 (http) with context path ''
2020-06-19 14:07:19 [main] INFO  d.g.o.OnlineBoutiqueApplication - Started OnlineBoutiqueApplication in 2.962 seconds (JVM running for 4.206)
2020-06-19 14:07:32 [http-nio-8080-exec-1] INFO  o.a.c.c.C.[Tomcat].[localhost].[/] - Initializing Spring DispatcherServlet 'dispatcherServlet'
2020-06-19 14:07:32 [http-nio-8080-exec-1] INFO  o.s.web.servlet.DispatcherServlet - Initializing Servlet 'dispatcherServlet'
2020-06-19 14:07:32 [http-nio-8080-exec-1] INFO  o.s.web.servlet.DispatcherServlet - Completed initialization in 8 ms
2020-06-19 14:07:33 [http-nio-8080-exec-2] WARN  o.a.c.util.SessionIdGeneratorBase - Creation of SecureRandom instance for session ID generation using [SHA1PRNG] took [235] milliseconds.
2020-06-19 14:07:33 [http-nio-8080-exec-3] INFO  d.g.onlineBoutique.CatalogController - Erfoglreicher Abruf einer Produkt-ID
2020-06-19 14:07:42 [http-nio-8080-exec-7] INFO  d.g.onlineBoutique.CatalogController - Erfoglreicher Abruf einer Produkt-ID
2020-06-19 14:08:04 [http-nio-8080-exec-1] INFO  d.g.onlineBoutique.CatalogController - Erfoglreicher Abruf einer Produkt-ID
2020-06-19 14:08:27 [http-nio-8080-exec-10] INFO  d.g.onlineBoutique.CatalogController - Erfoglreicher Abruf einer Produkt-ID
2020-06-19 14:08:34 [http-nio-8080-exec-1] INFO  d.g.onlineBoutique.CatalogController - Erfoglreicher Abruf einer Produkt-ID
2020-06-19 14:09:56 [main] INFO  d.g.o.OnlineBoutiqueApplication - Starting OnlineBoutiqueApplication on DESKTOP-6CDATJQ with PID 13672 (C:\dev\Studium\GCA\abschluss\api\catalog\target\classes started by Gerrit in C:\dev\Studium\GCA\abschluss\api\catalog)
2020-06-19 14:09:56 [main] INFO  d.g.o.OnlineBoutiqueApplication - No active profile set, falling back to default profiles: default
2020-06-19 14:09:58 [main] INFO  o.s.b.w.e.tomcat.TomcatWebServer - Tomcat initialized with port(s): 8080 (http)
2020-06-19 14:09:58 [main] INFO  o.a.catalina.core.StandardService - Starting service [Tomcat]
2020-06-19 14:09:58 [main] INFO  o.a.catalina.core.StandardEngine - Starting Servlet engine: [Apache Tomcat/9.0.35]
2020-06-19 14:09:58 [main] INFO  o.a.c.c.C.[Tomcat].[localhost].[/] - Initializing Spring embedded WebApplicationContext
2020-06-19 14:09:58 [main] INFO  o.s.web.context.ContextLoader - Root WebApplicationContext: initialization completed in 1908 ms
2020-06-19 14:09:58 [main] INFO  o.s.s.web.DefaultSecurityFilterChain - Creating filter chain: any request, [org.springframework.security.web.context.request.async.WebAsyncManagerIntegrationFilter@3dd31157, org.springframework.security.web.context.SecurityContextPersistenceFilter@2a369e14, org.springframework.security.web.header.HeaderWriterFilter@561b7d53, org.springframework.security.web.authentication.logout.LogoutFilter@2b7962a2, org.springframework.security.web.authentication.www.BasicAuthenticationFilter@315f09ef, org.springframework.security.web.savedrequest.RequestCacheAwareFilter@c755b2, org.springframework.security.web.servletapi.SecurityContextHolderAwareRequestFilter@3204e238, org.springframework.security.web.authentication.AnonymousAuthenticationFilter@31c628e7, org.springframework.security.web.session.SessionManagementFilter@60c8a093, org.springframework.security.web.access.ExceptionTranslationFilter@6c0e13b7, org.springframework.security.web.access.intercept.FilterSecurityInterceptor@1ab5f08a]
2020-06-19 14:09:58 [main] INFO  o.s.s.c.ThreadPoolTaskExecutor - Initializing ExecutorService 'applicationTaskExecutor'
2020-06-19 14:09:59 [main] INFO  o.s.b.w.e.tomcat.TomcatWebServer - Tomcat started on port(s): 8080 (http) with context path ''
2020-06-19 14:09:59 [main] INFO  d.g.o.OnlineBoutiqueApplication - Started OnlineBoutiqueApplication in 3.443 seconds (JVM running for 4.808)
2020-06-19 14:10:00 [http-nio-8080-exec-3] INFO  o.a.c.c.C.[Tomcat].[localhost].[/] - Initializing Spring DispatcherServlet 'dispatcherServlet'
2020-06-19 14:10:00 [http-nio-8080-exec-3] INFO  o.s.web.servlet.DispatcherServlet - Initializing Servlet 'dispatcherServlet'
2020-06-19 14:10:00 [http-nio-8080-exec-3] INFO  o.s.web.servlet.DispatcherServlet - Completed initialization in 7 ms
2020-06-19 14:10:07 [http-nio-8080-exec-2] WARN  o.a.c.util.SessionIdGeneratorBase - Creation of SecureRandom instance for session ID generation using [SHA1PRNG] took [244] milliseconds.
2020-06-19 14:14:17 [main] INFO  d.g.o.OnlineBoutiqueApplication - Starting OnlineBoutiqueApplication on DESKTOP-6CDATJQ with PID 14284 (C:\dev\Studium\GCA\abschluss\api\catalog\target\classes started by Gerrit in C:\dev\Studium\GCA\abschluss\api\catalog)
2020-06-19 14:14:17 [main] INFO  d.g.o.OnlineBoutiqueApplication - No active profile set, falling back to default profiles: default
2020-06-19 14:14:19 [main] INFO  o.s.b.w.e.tomcat.TomcatWebServer - Tomcat initialized with port(s): 8080 (http)
2020-06-19 14:14:19 [main] INFO  o.a.catalina.core.StandardService - Starting service [Tomcat]
2020-06-19 14:14:19 [main] INFO  o.a.catalina.core.StandardEngine - Starting Servlet engine: [Apache Tomcat/9.0.35]
2020-06-19 14:14:19 [main] INFO  o.a.c.c.C.[Tomcat].[localhost].[/] - Initializing Spring embedded WebApplicationContext
2020-06-19 14:14:19 [main] INFO  o.s.web.context.ContextLoader - Root WebApplicationContext: initialization completed in 1992 ms
2020-06-19 14:14:20 [main] INFO  o.s.s.web.DefaultSecurityFilterChain - Creating filter chain: Ant [pattern='/pictures/'], []
2020-06-19 14:14:20 [main] INFO  o.s.s.web.DefaultSecurityFilterChain - Creating filter chain: any request, [org.springframework.security.web.context.request.async.WebAsyncManagerIntegrationFilter@4adc663e, org.springframework.security.web.context.SecurityContextPersistenceFilter@3204e238, org.springframework.security.web.header.HeaderWriterFilter@20b9d5d5, org.springframework.security.web.authentication.logout.LogoutFilter@4996c99, org.springframework.security.web.authentication.www.BasicAuthenticationFilter@58fef7f7, org.springframework.security.web.savedrequest.RequestCacheAwareFilter@a5272be, org.springframework.security.web.servletapi.SecurityContextHolderAwareRequestFilter@934b52f, org.springframework.security.web.authentication.AnonymousAuthenticationFilter@885e7ff, org.springframework.security.web.session.SessionManagementFilter@291373d3, org.springframework.security.web.access.ExceptionTranslationFilter@4228bf58, org.springframework.security.web.access.intercept.FilterSecurityInterceptor@31c628e7]
2020-06-19 14:14:20 [main] INFO  o.s.s.c.ThreadPoolTaskExecutor - Initializing ExecutorService 'applicationTaskExecutor'
2020-06-19 14:14:20 [main] INFO  o.s.b.w.e.tomcat.TomcatWebServer - Tomcat started on port(s): 8080 (http) with context path ''
2020-06-19 14:14:20 [main] INFO  d.g.o.OnlineBoutiqueApplication - Started OnlineBoutiqueApplication in 3.611 seconds (JVM running for 5.067)
2020-06-19 14:15:10 [main] INFO  d.g.o.OnlineBoutiqueApplication - Starting OnlineBoutiqueApplication on DESKTOP-6CDATJQ with PID 7332 (C:\dev\Studium\GCA\abschluss\api\catalog\target\classes started by Gerrit in C:\dev\Studium\GCA\abschluss\api\catalog)
2020-06-19 14:15:10 [main] INFO  d.g.o.OnlineBoutiqueApplication - No active profile set, falling back to default profiles: default
2020-06-19 14:15:11 [main] INFO  o.s.b.w.e.tomcat.TomcatWebServer - Tomcat initialized with port(s): 8080 (http)
2020-06-19 14:15:11 [main] INFO  o.a.catalina.core.StandardService - Starting service [Tomcat]
2020-06-19 14:15:11 [main] INFO  o.a.catalina.core.StandardEngine - Starting Servlet engine: [Apache Tomcat/9.0.35]
2020-06-19 14:15:11 [main] INFO  o.a.c.c.C.[Tomcat].[localhost].[/] - Initializing Spring embedded WebApplicationContext
2020-06-19 14:15:11 [main] INFO  o.s.web.context.ContextLoader - Root WebApplicationContext: initialization completed in 1888 ms
2020-06-19 14:15:12 [main] INFO  o.s.s.web.DefaultSecurityFilterChain - Creating filter chain: any request, [org.springframework.security.web.context.request.async.WebAsyncManagerIntegrationFilter@3240b2a4, org.springframework.security.web.context.SecurityContextPersistenceFilter@25aeb5ac, org.springframework.security.web.header.HeaderWriterFilter@1cc680e, org.springframework.security.web.authentication.logout.LogoutFilter@6ad16c5d, org.springframework.security.web.authentication.www.BasicAuthenticationFilter@3a66e67e, org.springframework.security.web.savedrequest.RequestCacheAwareFilter@3bd2af5b, org.springframework.security.web.servletapi.SecurityContextHolderAwareRequestFilter@38ed139b, org.springframework.security.web.authentication.AnonymousAuthenticationFilter@58434b19, org.springframework.security.web.session.SessionManagementFilter@44cffc25, org.springframework.security.web.access.ExceptionTranslationFilter@22eaa86e, org.springframework.security.web.access.intercept.FilterSecurityInterceptor@79a04e5f]
2020-06-19 14:15:12 [main] INFO  o.s.s.c.ThreadPoolTaskExecutor - Initializing ExecutorService 'applicationTaskExecutor'
2020-06-19 14:15:12 [main] INFO  o.s.b.w.e.tomcat.TomcatWebServer - Tomcat started on port(s): 8080 (http) with context path ''
2020-06-19 14:15:12 [main] INFO  d.g.o.OnlineBoutiqueApplication - Started OnlineBoutiqueApplication in 3.361 seconds (JVM running for 4.768)
2020-06-19 14:15:27 [http-nio-8080-exec-1] INFO  o.a.c.c.C.[Tomcat].[localhost].[/] - Initializing Spring DispatcherServlet 'dispatcherServlet'
2020-06-19 14:15:27 [http-nio-8080-exec-1] INFO  o.s.web.servlet.DispatcherServlet - Initializing Servlet 'dispatcherServlet'
2020-06-19 14:15:27 [http-nio-8080-exec-1] INFO  o.s.web.servlet.DispatcherServlet - Completed initialization in 11 ms
2020-06-19 14:15:28 [http-nio-8080-exec-1] WARN  o.a.c.util.SessionIdGeneratorBase - Creation of SecureRandom instance for session ID generation using [SHA1PRNG] took [247] milliseconds.
2020-06-19 14:20:12 [main] INFO  d.g.o.OnlineBoutiqueApplication - Starting OnlineBoutiqueApplication on DESKTOP-6CDATJQ with PID 19736 (C:\dev\Studium\GCA\abschluss\api\catalog\target\classes started by Gerrit in C:\dev\Studium\GCA\abschluss\api\catalog)
2020-06-19 14:20:12 [main] INFO  d.g.o.OnlineBoutiqueApplication - No active profile set, falling back to default profiles: default
2020-06-19 14:20:14 [main] INFO  o.s.b.w.e.tomcat.TomcatWebServer - Tomcat initialized with port(s): 8080 (http)
2020-06-19 14:20:14 [main] INFO  o.a.catalina.core.StandardService - Starting service [Tomcat]
2020-06-19 14:20:14 [main] INFO  o.a.catalina.core.StandardEngine - Starting Servlet engine: [Apache Tomcat/9.0.35]
2020-06-19 14:20:14 [main] INFO  o.a.c.c.C.[Tomcat].[localhost].[/] - Initializing Spring embedded WebApplicationContext
2020-06-19 14:20:14 [main] INFO  o.s.web.context.ContextLoader - Root WebApplicationContext: initialization completed in 1884 ms
2020-06-19 14:20:15 [main] INFO  o.s.s.web.DefaultSecurityFilterChain - Creating filter chain: any request, [org.springframework.security.web.context.request.async.WebAsyncManagerIntegrationFilter@31c628e7, org.springframework.security.web.context.SecurityContextPersistenceFilter@2a369e14, org.springframework.security.web.header.HeaderWriterFilter@561b7d53, org.springframework.security.web.authentication.logout.LogoutFilter@2b7962a2, org.springframework.security.web.authentication.www.BasicAuthenticationFilter@315f09ef, org.springframework.security.web.savedrequest.RequestCacheAwareFilter@c755b2, org.springframework.security.web.servletapi.SecurityContextHolderAwareRequestFilter@3204e238, org.springframework.security.web.authentication.AnonymousAuthenticationFilter@3240b2a4, org.springframework.security.web.session.SessionManagementFilter@60c8a093, org.springframework.security.web.access.ExceptionTranslationFilter@6c0e13b7, org.springframework.security.web.access.intercept.FilterSecurityInterceptor@6edf29c1]
2020-06-19 14:20:15 [main] INFO  o.s.s.c.ThreadPoolTaskExecutor - Initializing ExecutorService 'applicationTaskExecutor'
2020-06-19 14:20:15 [main] INFO  o.s.b.w.e.tomcat.TomcatWebServer - Tomcat started on port(s): 8080 (http) with context path ''
2020-06-19 14:20:15 [main] INFO  d.g.o.OnlineBoutiqueApplication - Started OnlineBoutiqueApplication in 3.751 seconds (JVM running for 5.624)
2020-06-19 14:20:43 [http-nio-8080-exec-1] INFO  o.a.c.c.C.[Tomcat].[localhost].[/] - Initializing Spring DispatcherServlet 'dispatcherServlet'
2020-06-19 14:20:43 [http-nio-8080-exec-1] INFO  o.s.web.servlet.DispatcherServlet - Initializing Servlet 'dispatcherServlet'
2020-06-19 14:20:43 [http-nio-8080-exec-1] INFO  o.s.web.servlet.DispatcherServlet - Completed initialization in 11 ms
2020-06-19 14:20:44 [http-nio-8080-exec-1] WARN  o.a.c.util.SessionIdGeneratorBase - Creation of SecureRandom instance for session ID generation using [SHA1PRNG] took [393] milliseconds.
2020-06-19 14:27:17 [main] INFO  d.g.o.OnlineBoutiqueApplication - Starting OnlineBoutiqueApplication on DESKTOP-6CDATJQ with PID 788 (C:\dev\Studium\GCA\abschluss\api\catalog\target\classes started by Gerrit in C:\dev\Studium\GCA\abschluss\api\catalog)
2020-06-19 14:27:17 [main] INFO  d.g.o.OnlineBoutiqueApplication - No active profile set, falling back to default profiles: default
2020-06-19 14:27:19 [main] INFO  o.s.b.w.e.tomcat.TomcatWebServer - Tomcat initialized with port(s): 8080 (http)
2020-06-19 14:27:19 [main] INFO  o.a.catalina.core.StandardService - Starting service [Tomcat]
2020-06-19 14:27:19 [main] INFO  o.a.catalina.core.StandardEngine - Starting Servlet engine: [Apache Tomcat/9.0.35]
2020-06-19 14:27:19 [main] INFO  o.a.c.c.C.[Tomcat].[localhost].[/] - Initializing Spring embedded WebApplicationContext
2020-06-19 14:27:19 [main] INFO  o.s.web.context.ContextLoader - Root WebApplicationContext: initialization completed in 2027 ms
2020-06-19 14:27:19 [main] INFO  o.s.s.web.DefaultSecurityFilterChain - Creating filter chain: any request, [org.springframework.security.web.context.request.async.WebAsyncManagerIntegrationFilter@625dfff3, org.springframework.security.web.context.SecurityContextPersistenceFilter@58ba5b30, org.springframework.security.web.header.HeaderWriterFilter@44cffc25, org.springframework.security.web.authentication.logout.LogoutFilter@3a66e67e, org.springframework.security.web.authentication.www.BasicAuthenticationFilter@3c3c4a71, org.springframework.security.web.savedrequest.RequestCacheAwareFilter@1d9bd4da, org.springframework.security.web.servletapi.SecurityContextHolderAwareRequestFilter@5a1c3cb4, org.springframework.security.web.authentication.AnonymousAuthenticationFilter@26350ea2, org.springframework.security.web.session.SessionManagementFilter@38ed139b, org.springframework.security.web.access.ExceptionTranslationFilter@671d1157, org.springframework.security.web.access.intercept.FilterSecurityInterceptor@885e7ff]
2020-06-19 14:27:20 [main] INFO  o.s.s.c.ThreadPoolTaskExecutor - Initializing ExecutorService 'applicationTaskExecutor'
2020-06-19 14:27:20 [main] INFO  o.s.b.w.e.tomcat.TomcatWebServer - Tomcat started on port(s): 8080 (http) with context path ''
2020-06-19 14:27:20 [main] INFO  d.g.o.OnlineBoutiqueApplication - Started OnlineBoutiqueApplication in 3.978 seconds (JVM running for 5.184)
2020-06-19 14:27:20 [http-nio-8080-exec-1] INFO  o.a.c.c.C.[Tomcat].[localhost].[/] - Initializing Spring DispatcherServlet 'dispatcherServlet'
2020-06-19 14:27:20 [http-nio-8080-exec-1] INFO  o.s.web.servlet.DispatcherServlet - Initializing Servlet 'dispatcherServlet'
2020-06-19 14:27:20 [http-nio-8080-exec-1] INFO  o.s.web.servlet.DispatcherServlet - Completed initialization in 8 ms
2020-06-19 14:27:21 [http-nio-8080-exec-1] WARN  o.a.c.util.SessionIdGeneratorBase - Creation of SecureRandom instance for session ID generation using [SHA1PRNG] took [354] milliseconds.
2020-06-19 14:32:18 [main] INFO  d.g.o.OnlineBoutiqueApplication - Starting OnlineBoutiqueApplication on DESKTOP-6CDATJQ with PID 19192 (C:\dev\Studium\GCA\abschluss\api\catalog\target\classes started by Gerrit in C:\dev\Studium\GCA\abschluss\api\catalog)
2020-06-19 14:32:18 [main] INFO  d.g.o.OnlineBoutiqueApplication - No active profile set, falling back to default profiles: default
2020-06-19 14:32:23 [main] INFO  o.s.b.w.e.tomcat.TomcatWebServer - Tomcat initialized with port(s): 8080 (http)
2020-06-19 14:32:23 [main] INFO  o.a.catalina.core.StandardService - Starting service [Tomcat]
2020-06-19 14:32:23 [main] INFO  o.a.catalina.core.StandardEngine - Starting Servlet engine: [Apache Tomcat/9.0.35]
2020-06-19 14:32:24 [main] INFO  o.a.c.c.C.[Tomcat].[localhost].[/] - Initializing Spring embedded WebApplicationContext
2020-06-19 14:32:24 [main] INFO  o.s.web.context.ContextLoader - Root WebApplicationContext: initialization completed in 5818 ms
2020-06-19 14:32:24 [main] INFO  o.s.s.web.DefaultSecurityFilterChain - Creating filter chain: any request, [org.springframework.security.web.context.request.async.WebAsyncManagerIntegrationFilter@2bc426f0, org.springframework.security.web.context.SecurityContextPersistenceFilter@173a6728, org.springframework.security.web.header.HeaderWriterFilter@2bfb6b49, org.springframework.security.web.authentication.logout.LogoutFilter@3e3315d9, org.springframework.security.web.authentication.www.BasicAuthenticationFilter@5f69e2b, org.springframework.security.web.savedrequest.RequestCacheAwareFilter@67514bdd, org.springframework.security.web.servletapi.SecurityContextHolderAwareRequestFilter@79a04e5f, org.springframework.security.web.authentication.AnonymousAuthenticationFilter@4bd51d3e, org.springframework.security.web.session.SessionManagementFilter@38b8b6c0, org.springframework.security.web.access.ExceptionTranslationFilter@254f906e, org.springframework.security.web.access.intercept.FilterSecurityInterceptor@94e51e8]
2020-06-19 14:32:25 [main] INFO  o.s.s.c.ThreadPoolTaskExecutor - Initializing ExecutorService 'applicationTaskExecutor'
2020-06-19 14:32:27 [main] INFO  o.s.b.w.e.tomcat.TomcatWebServer - Tomcat started on port(s): 8080 (http) with context path ''
2020-06-19 14:32:27 [main] INFO  d.g.o.OnlineBoutiqueApplication - Started OnlineBoutiqueApplication in 10.441 seconds (JVM running for 12.769)
2020-06-19 14:32:52 [http-nio-8080-exec-2] INFO  o.a.c.c.C.[Tomcat].[localhost].[/] - Initializing Spring DispatcherServlet 'dispatcherServlet'
2020-06-19 14:32:52 [http-nio-8080-exec-2] INFO  o.s.web.servlet.DispatcherServlet - Initializing Servlet 'dispatcherServlet'
2020-06-19 14:32:52 [http-nio-8080-exec-2] INFO  o.s.web.servlet.DispatcherServlet - Completed initialization in 14 ms
2020-06-19 14:32:53 [http-nio-8080-exec-2] WARN  o.a.c.util.SessionIdGeneratorBase - Creation of SecureRandom instance for session ID generation using [SHA1PRNG] took [286] milliseconds.
2020-06-19 14:44:34 [main] INFO  d.g.o.OnlineBoutiqueApplication - Starting OnlineBoutiqueApplication on DESKTOP-6CDATJQ with PID 13500 (C:\dev\Studium\GCA\abschluss\api\catalog\target\classes started by Gerrit in C:\dev\Studium\GCA\abschluss\api\catalog)
2020-06-19 14:44:34 [main] INFO  d.g.o.OnlineBoutiqueApplication - No active profile set, falling back to default profiles: default
2020-06-19 14:44:35 [main] INFO  o.s.b.w.e.tomcat.TomcatWebServer - Tomcat initialized with port(s): 8080 (http)
2020-06-19 14:44:35 [main] INFO  o.a.catalina.core.StandardService - Starting service [Tomcat]
2020-06-19 14:44:35 [main] INFO  o.a.catalina.core.StandardEngine - Starting Servlet engine: [Apache Tomcat/9.0.35]
2020-06-19 14:44:36 [main] INFO  o.a.c.c.C.[Tomcat].[localhost].[/] - Initializing Spring embedded WebApplicationContext
2020-06-19 14:44:36 [main] INFO  o.s.web.context.ContextLoader - Root WebApplicationContext: initialization completed in 1889 ms
2020-06-19 14:44:36 [main] INFO  o.s.s.web.DefaultSecurityFilterChain - Creating filter chain: any request, [org.springframework.security.web.context.request.async.WebAsyncManagerIntegrationFilter@57272109, org.springframework.security.web.context.SecurityContextPersistenceFilter@eac3a26, org.springframework.security.web.header.HeaderWriterFilter@3bd2af5b, org.springframework.security.web.authentication.logout.LogoutFilter@117d32e, org.springframework.security.web.authentication.www.BasicAuthenticationFilter@75de6341, org.springframework.security.web.savedrequest.RequestCacheAwareFilter@53cf9c99, org.springframework.security.web.servletapi.SecurityContextHolderAwareRequestFilter@127a7272, org.springframework.security.web.authentication.AnonymousAuthenticationFilter@59696551, org.springframework.security.web.session.SessionManagementFilter@1d9bd4da, org.springframework.security.web.access.ExceptionTranslationFilter@25aeb5ac, org.springframework.security.web.access.intercept.FilterSecurityInterceptor@a2341c6]
2020-06-19 14:44:36 [main] INFO  o.s.s.c.ThreadPoolTaskExecutor - Initializing ExecutorService 'applicationTaskExecutor'
2020-06-19 14:44:36 [main] INFO  o.s.b.w.e.tomcat.TomcatWebServer - Tomcat started on port(s): 8080 (http) with context path ''
2020-06-19 14:44:36 [main] INFO  d.g.o.OnlineBoutiqueApplication - Started OnlineBoutiqueApplication in 3.522 seconds (JVM running for 5.006)
2020-06-19 14:45:04 [main] INFO  d.g.o.OnlineBoutiqueApplication - Starting OnlineBoutiqueApplication on DESKTOP-6CDATJQ with PID 9232 (C:\dev\Studium\GCA\abschluss\api\catalog\target\classes started by Gerrit in C:\dev\Studium\GCA\abschluss\api\catalog)
2020-06-19 14:45:04 [main] INFO  d.g.o.OnlineBoutiqueApplication - No active profile set, falling back to default profiles: default
2020-06-19 14:45:06 [main] INFO  o.s.b.w.e.tomcat.TomcatWebServer - Tomcat initialized with port(s): 8080 (http)
2020-06-19 14:45:06 [main] INFO  o.a.catalina.core.StandardService - Starting service [Tomcat]
2020-06-19 14:45:06 [main] INFO  o.a.catalina.core.StandardEngine - Starting Servlet engine: [Apache Tomcat/9.0.35]
2020-06-19 14:45:06 [main] INFO  o.a.c.c.C.[Tomcat].[localhost].[/] - Initializing Spring embedded WebApplicationContext
2020-06-19 14:45:06 [main] INFO  o.s.web.context.ContextLoader - Root WebApplicationContext: initialization completed in 1810 ms
2020-06-19 14:45:06 [main] INFO  o.s.s.web.DefaultSecurityFilterChain - Creating filter chain: any request, [org.springframework.security.web.context.request.async.WebAsyncManagerIntegrationFilter@1e9469b8, org.springframework.security.web.context.SecurityContextPersistenceFilter@1d9bd4da, org.springframework.security.web.header.HeaderWriterFilter@25aeb5ac, org.springframework.security.web.authentication.logout.LogoutFilter@4596f8f3, org.springframework.security.web.authentication.www.BasicAuthenticationFilter@4f9a6c2d, org.springframework.security.web.savedrequest.RequestCacheAwareFilter@eac3a26, org.springframework.security.web.servletapi.SecurityContextHolderAwareRequestFilter@56637cff, org.springframework.security.web.authentication.AnonymousAuthenticationFilter@5a08efdc, org.springframework.security.web.session.SessionManagementFilter@58ba5b30, org.springframework.security.web.access.ExceptionTranslationFilter@44cffc25, org.springframework.security.web.access.intercept.FilterSecurityInterceptor@4fa9ab6]
2020-06-19 14:45:06 [main] INFO  o.s.s.c.ThreadPoolTaskExecutor - Initializing ExecutorService 'applicationTaskExecutor'
2020-06-19 14:45:07 [main] INFO  o.s.b.w.e.tomcat.TomcatWebServer - Tomcat started on port(s): 8080 (http) with context path ''
2020-06-19 14:45:07 [main] INFO  d.g.o.OnlineBoutiqueApplication - Started OnlineBoutiqueApplication in 3.538 seconds (JVM running for 4.785)
2020-06-19 14:45:15 [http-nio-8080-exec-1] INFO  o.a.c.c.C.[Tomcat].[localhost].[/] - Initializing Spring DispatcherServlet 'dispatcherServlet'
2020-06-19 14:45:15 [http-nio-8080-exec-1] INFO  o.s.web.servlet.DispatcherServlet - Initializing Servlet 'dispatcherServlet'
2020-06-19 14:45:15 [http-nio-8080-exec-1] INFO  o.s.web.servlet.DispatcherServlet - Completed initialization in 6 ms
2020-06-19 14:45:16 [http-nio-8080-exec-1] WARN  o.a.c.util.SessionIdGeneratorBase - Creation of SecureRandom instance for session ID generation using [SHA1PRNG] took [232] milliseconds.
2020-06-19 14:45:16 [http-nio-8080-exec-1] INFO  d.g.onlineBoutique.CatalogController - Erfoglreicher Abruf einer Produkt-ID
2020-06-19 14:45:27 [http-nio-8080-exec-5] INFO  d.g.onlineBoutique.CatalogController - Erfoglreicher Abruf einer Produkt-ID
2020-06-19 14:45:29 [http-nio-8080-exec-7] INFO  d.g.onlineBoutique.CatalogController - Erfoglreicher Abruf einer Produkt-ID
2020-06-19 14:45:31 [http-nio-8080-exec-7] INFO  d.g.onlineBoutique.CatalogController - Erfoglreicher Abruf einer Produkt-ID
2020-06-19 14:45:35 [http-nio-8080-exec-3] INFO  d.g.onlineBoutique.CatalogController - Erfoglreicher Abruf einer Produkt-ID
2020-06-19 14:45:42 [http-nio-8080-exec-2] INFO  d.g.onlineBoutique.CatalogController - Erfoglreicher Abruf einer Produkt-ID
2020-06-19 14:45:45 [http-nio-8080-exec-2] INFO  d.g.onlineBoutique.CatalogController - Erfoglreicher Abruf einer Produkt-ID
2020-06-19 14:50:11 [http-nio-8080-exec-2] INFO  d.g.onlineBoutique.CatalogController - Erfoglreicher Abruf einer Produkt-ID
2020-06-19 14:50:58 [http-nio-8080-exec-7] INFO  d.g.onlineBoutique.CatalogController - Erfoglreicher Abruf einer Produkt-ID
2020-06-19 14:52:49 [http-nio-8080-exec-3] INFO  d.g.onlineBoutique.CatalogController - Erfoglreicher Abruf einer Produkt-ID
