2020-06-19 12:24:41 [main] INFO  d.g.o.OnlineBoutiqueApplication - Starting OnlineBoutiqueApplication on NB-MT with PID 12784 (C:\Oberordner\Studium\6.Semester\GCA\Abschlussprojekt\Projekt\GCA\api\shipping\target\classes started by tmp in C:\Oberordner\Studium\6.Semester\GCA\Abschlussprojekt\Projekt\GCA\api\shipping)
2020-06-19 12:24:41 [main] INFO  d.g.o.OnlineBoutiqueApplication - No active profile set, falling back to default profiles: default
2020-06-19 12:24:43 [main] INFO  o.s.b.w.e.tomcat.TomcatWebServer - Tomcat initialized with port(s): 8082 (http)
2020-06-19 12:24:43 [main] INFO  o.a.catalina.core.StandardService - Starting service [Tomcat]
2020-06-19 12:24:43 [main] INFO  o.a.catalina.core.StandardEngine - Starting Servlet engine: [Apache Tomcat/9.0.35]
2020-06-19 12:24:43 [main] INFO  o.a.c.c.C.[Tomcat].[localhost].[/] - Initializing Spring embedded WebApplicationContext
2020-06-19 12:24:43 [main] INFO  o.s.web.context.ContextLoader - Root WebApplicationContext: initialization completed in 2057 ms
2020-06-19 12:24:43 [main] INFO  o.s.s.c.ThreadPoolTaskExecutor - Initializing ExecutorService 'applicationTaskExecutor'
2020-06-19 12:24:43 [main] INFO  o.s.b.w.e.tomcat.TomcatWebServer - Tomcat started on port(s): 8082 (http) with context path ''
2020-06-19 12:24:43 [main] INFO  d.g.o.OnlineBoutiqueApplication - Started OnlineBoutiqueApplication in 3.158 seconds (JVM running for 4.446)
<<<<<<< Updated upstream
<<<<<<< Updated upstream
<<<<<<< Updated upstream
2020-06-19 13:35:22 [main] INFO  d.g.o.OnlineBoutiqueApplication - Starting OnlineBoutiqueApplication on DESKTOP-6CDATJQ with PID 19460 (C:\dev\Studium\GCA\abschluss\api\shipping\target\classes started by Gerrit in C:\dev\Studium\GCA\abschluss\api\shipping)
2020-06-19 13:35:22 [main] INFO  d.g.o.OnlineBoutiqueApplication - No active profile set, falling back to default profiles: default
2020-06-19 13:35:23 [main] INFO  o.s.b.w.e.tomcat.TomcatWebServer - Tomcat initialized with port(s): 8082 (http)
2020-06-19 13:35:23 [main] INFO  o.a.catalina.core.StandardService - Starting service [Tomcat]
2020-06-19 13:35:23 [main] INFO  o.a.catalina.core.StandardEngine - Starting Servlet engine: [Apache Tomcat/9.0.35]
2020-06-19 13:35:23 [main] INFO  o.a.c.c.C.[Tomcat].[localhost].[/] - Initializing Spring embedded WebApplicationContext
2020-06-19 13:35:23 [main] INFO  o.s.web.context.ContextLoader - Root WebApplicationContext: initialization completed in 1693 ms
2020-06-19 13:35:24 [main] INFO  o.s.s.web.DefaultSecurityFilterChain - Creating filter chain: any request, [org.springframework.security.web.context.request.async.WebAsyncManagerIntegrationFilter@2d3ef181, org.springframework.security.web.context.SecurityContextPersistenceFilter@a5272be, org.springframework.security.web.header.HeaderWriterFilter@60c8a093, org.springframework.security.web.authentication.logout.LogoutFilter@315f09ef, org.springframework.security.web.authentication.www.BasicAuthenticationFilter@12eedfee, org.springframework.security.web.savedrequest.RequestCacheAwareFilter@4dba773d, org.springframework.security.web.servletapi.SecurityContextHolderAwareRequestFilter@5ea4300e, org.springframework.security.web.authentication.AnonymousAuthenticationFilter@a2341c6, org.springframework.security.web.session.SessionManagementFilter@3204e238, org.springframework.security.web.access.ExceptionTranslationFilter@20b9d5d5, org.springframework.security.web.access.intercept.FilterSecurityInterceptor@1e1e9ef3]
2020-06-19 13:35:24 [main] INFO  o.s.s.c.ThreadPoolTaskExecutor - Initializing ExecutorService 'applicationTaskExecutor'
2020-06-19 13:35:24 [main] INFO  o.s.b.w.e.tomcat.TomcatWebServer - Tomcat started on port(s): 8082 (http) with context path ''
2020-06-19 13:35:24 [main] INFO  d.g.o.OnlineBoutiqueApplication - Started OnlineBoutiqueApplication in 3.026 seconds (JVM running for 4.201)
2020-06-19 13:35:34 [http-nio-8082-exec-1] INFO  o.a.c.c.C.[Tomcat].[localhost].[/] - Initializing Spring DispatcherServlet 'dispatcherServlet'
2020-06-19 13:35:34 [http-nio-8082-exec-1] INFO  o.s.web.servlet.DispatcherServlet - Initializing Servlet 'dispatcherServlet'
2020-06-19 13:35:34 [http-nio-8082-exec-1] INFO  o.s.web.servlet.DispatcherServlet - Completed initialization in 8 ms
2020-06-19 13:35:35 [http-nio-8082-exec-2] WARN  o.a.c.util.SessionIdGeneratorBase - Creation of SecureRandom instance for session ID generation using [SHA1PRNG] took [304] milliseconds.
2020-06-19 13:35:35 [http-nio-8082-exec-2] INFO  d.g.o.ShippingController - Erfolgreiche Berechnung der Versandkosten erfolgt!
2020-06-19 13:35:46 [http-nio-8082-exec-4] INFO  d.g.o.ShippingController - Erfolgreiche Berechnung der Versandkosten erfolgt!
2020-06-19 13:37:36 [http-nio-8082-exec-6] INFO  d.g.o.ShippingController - Erfolgreiche Berechnung der Versandkosten erfolgt!
2020-06-19 13:37:36 [http-nio-8082-exec-7] INFO  d.g.o.ShippingController - Erfolgreiche Speicherung einer Trackingnumber!
2020-06-19 14:32:35 [main] INFO  d.g.o.OnlineBoutiqueApplication - Starting OnlineBoutiqueApplication on DESKTOP-6CDATJQ with PID 21276 (C:\dev\Studium\GCA\abschluss\api\shipping\target\classes started by Gerrit in C:\dev\Studium\GCA\abschluss\api\shipping)
2020-06-19 14:32:35 [main] INFO  d.g.o.OnlineBoutiqueApplication - No active profile set, falling back to default profiles: default
2020-06-19 14:32:39 [main] INFO  o.s.b.w.e.tomcat.TomcatWebServer - Tomcat initialized with port(s): 8082 (http)
2020-06-19 14:32:39 [main] INFO  o.a.catalina.core.StandardService - Starting service [Tomcat]
2020-06-19 14:32:39 [main] INFO  o.a.catalina.core.StandardEngine - Starting Servlet engine: [Apache Tomcat/9.0.35]
2020-06-19 14:32:39 [main] INFO  o.a.c.c.C.[Tomcat].[localhost].[/] - Initializing Spring embedded WebApplicationContext
2020-06-19 14:32:39 [main] INFO  o.s.web.context.ContextLoader - Root WebApplicationContext: initialization completed in 3906 ms
2020-06-19 14:32:39 [main] INFO  o.s.s.web.DefaultSecurityFilterChain - Creating filter chain: any request, [org.springframework.security.web.context.request.async.WebAsyncManagerIntegrationFilter@5c441290, org.springframework.security.web.context.SecurityContextPersistenceFilter@27e7c77f, org.springframework.security.web.header.HeaderWriterFilter@2bc426f0, org.springframework.security.web.authentication.logout.LogoutFilter@4bc33720, org.springframework.security.web.authentication.www.BasicAuthenticationFilter@44032fde, org.springframework.security.web.savedrequest.RequestCacheAwareFilter@6ae62c7e, org.springframework.security.web.servletapi.SecurityContextHolderAwareRequestFilter@4b0f2299, org.springframework.security.web.authentication.AnonymousAuthenticationFilter@3c78e551, org.springframework.security.web.session.SessionManagementFilter@1f53481b, org.springframework.security.web.access.ExceptionTranslationFilter@58740366, org.springframework.security.web.access.intercept.FilterSecurityInterceptor@30f74e79]
2020-06-19 14:32:40 [main] INFO  o.s.s.c.ThreadPoolTaskExecutor - Initializing ExecutorService 'applicationTaskExecutor'
2020-06-19 14:32:40 [main] INFO  o.s.b.w.e.tomcat.TomcatWebServer - Tomcat started on port(s): 8082 (http) with context path ''
2020-06-19 14:32:40 [main] INFO  d.g.o.OnlineBoutiqueApplication - Started OnlineBoutiqueApplication in 7.049 seconds (JVM running for 10.678)
2020-06-19 14:39:00 [http-nio-8082-exec-1] INFO  o.a.c.c.C.[Tomcat].[localhost].[/] - Initializing Spring DispatcherServlet 'dispatcherServlet'
2020-06-19 14:39:00 [http-nio-8082-exec-1] INFO  o.s.web.servlet.DispatcherServlet - Initializing Servlet 'dispatcherServlet'
2020-06-19 14:39:00 [http-nio-8082-exec-1] INFO  o.s.web.servlet.DispatcherServlet - Completed initialization in 8 ms
2020-06-19 14:39:01 [http-nio-8082-exec-2] WARN  o.a.c.util.SessionIdGeneratorBase - Creation of SecureRandom instance for session ID generation using [SHA1PRNG] took [250] milliseconds.
2020-06-19 14:39:01 [http-nio-8082-exec-2] INFO  d.g.o.ShippingController - Erfolgreiche Berechnung der Versandkosten erfolgt!
2020-06-19 14:39:18 [http-nio-8082-exec-4] INFO  d.g.o.ShippingController - Erfolgreiche Berechnung der Versandkosten erfolgt!
2020-06-19 14:39:38 [http-nio-8082-exec-6] INFO  d.g.o.ShippingController - Erfolgreiche Berechnung der Versandkosten erfolgt!
2020-06-19 14:41:36 [http-nio-8082-exec-8] INFO  d.g.o.ShippingController - Erfolgreiche Berechnung der Versandkosten erfolgt!
2020-06-19 14:45:16 [http-nio-8082-exec-1] INFO  d.g.o.ShippingController - Erfolgreiche Berechnung der Versandkosten erfolgt!
2020-06-19 14:45:32 [http-nio-8082-exec-3] INFO  d.g.o.ShippingController - Erfolgreiche Berechnung der Versandkosten erfolgt!
2020-06-19 14:45:46 [http-nio-8082-exec-5] INFO  d.g.o.ShippingController - Erfolgreiche Berechnung der Versandkosten erfolgt!
2020-06-19 14:50:11 [http-nio-8082-exec-7] INFO  d.g.o.ShippingController - Erfolgreiche Berechnung der Versandkosten erfolgt!
2020-06-19 14:50:58 [http-nio-8082-exec-10] INFO  d.g.o.ShippingController - Erfolgreiche Berechnung der Versandkosten erfolgt!
2020-06-19 14:52:49 [http-nio-8082-exec-1] INFO  d.g.o.ShippingController - Erfolgreiche Berechnung der Versandkosten erfolgt!
2020-06-19 14:52:49 [http-nio-8082-exec-2] INFO  d.g.o.ShippingController - Erfolgreiche Speicherung einer Trackingnumber!
